<?xml version="1.0" encoding="UTF-8"?>
<!-- Generated by org.testng.reporters.JUnitXMLReporter -->
<testsuite ignored="0" hostname="Prasad" failures="0" tests="4" name="Add Customer Test" time="17.12" errors="0" timestamp="2024-02-08T16:14:25 IST">
  <testcase classname="testcases.AddCustomerTest" name="addCustomerTest" time="5.824"/>
  <testcase classname="testcases.AddCustomerTest" name="addCustomerTest" time="3.579"/>
  <testcase classname="testcases.AddCustomerTest" name="addCustomerTest" time="3.529"/>
  <testcase classname="testcases.AddCustomerTest" name="addCustomerTest" time="3.509"/>
</testsuite> <!-- Add Customer Test -->
