<?xml version="1.0" encoding="UTF-8"?>
<!-- Generated by org.testng.reporters.JUnitXMLReporter -->
<testsuite ignored="0" hostname="Prasad" failures="0" tests="4" name="Add Customer Test" time="16.519" errors="0" timestamp="2024-02-03T18:02:08 IST">
  <testcase classname="testcases.AddCustomerTest" name="addCustomerTest" time="4.778"/>
  <testcase classname="testcases.AddCustomerTest" name="addCustomerTest" time="3.805"/>
  <testcase classname="testcases.AddCustomerTest" name="addCustomerTest" time="3.534"/>
  <testcase classname="testcases.AddCustomerTest" name="addCustomerTest" time="3.65"/>
</testsuite> <!-- Add Customer Test -->
