<?xml version="1.0" encoding="UTF-8"?>
<testng-results ignored="0" total="6" passed="6" failed="0" skipped="0">
  <reporter-output>
  </reporter-output>
  <suite started-at="2024-02-08T16:14:07 IST" name="Data Driven Framework" finished-at="2024-02-08T16:14:26 IST" duration-ms="18955">
    <groups>
    </groups>
    <test started-at="2024-02-08T16:14:07 IST" name="Bank Manager Login Test" finished-at="2024-02-08T16:14:08 IST" duration-ms="933">
      <class name="testcases.BankManagerLoginTest">
        <test-method signature="bankManagerLoginTest()[pri:0, instance:testcases.BankManagerLoginTest@20a8a64e]" started-at="2024-02-08T16:14:07 IST" name="bankManagerLoginTest" finished-at="2024-02-08T16:14:08 IST" duration-ms="472" status="PASS">
          <reporter-output>
          </reporter-output>
        </test-method> <!-- bankManagerLoginTest -->
      </class> <!-- testcases.BankManagerLoginTest -->
    </test> <!-- Bank Manager Login Test -->
    <test started-at="2024-02-08T16:14:08 IST" name="Add Customer Test" finished-at="2024-02-08T16:14:25 IST" duration-ms="17120">
      <class name="testcases.AddCustomerTest">
        <test-method signature="addCustomerTest(java.util.Hashtable)[pri:0, instance:testcases.AddCustomerTest@18230356]" started-at="2024-02-08T16:14:08 IST" name="addCustomerTest" data-provider="dp" finished-at="2024-02-08T16:14:14 IST" duration-ms="5824" status="PASS">
          <params>
            <param index="0">
              <value>
                <![CDATA[{alertTest=Customer added successfully, postCode=Q1Z023, lastName=Kumar, Runmode=Y, firstName=Suresh, =}]]>
              </value>
            </param>
          </params>
          <reporter-output>
          </reporter-output>
        </test-method> <!-- addCustomerTest -->
        <test-method signature="addCustomerTest(java.util.Hashtable)[pri:0, instance:testcases.AddCustomerTest@18230356]" started-at="2024-02-08T16:14:14 IST" name="addCustomerTest" data-provider="dp" finished-at="2024-02-08T16:14:18 IST" duration-ms="3579" status="PASS">
          <params>
            <param index="0">
              <value>
                <![CDATA[{alertTest=Customer added successfully, postCode=A3S013, lastName=Yadav, Runmode=Y, firstName=Sailesh, =}]]>
              </value>
            </param>
          </params>
          <reporter-output>
          </reporter-output>
        </test-method> <!-- addCustomerTest -->
        <test-method signature="addCustomerTest(java.util.Hashtable)[pri:0, instance:testcases.AddCustomerTest@18230356]" started-at="2024-02-08T16:14:18 IST" name="addCustomerTest" data-provider="dp" finished-at="2024-02-08T16:14:22 IST" duration-ms="3529" status="PASS">
          <params>
            <param index="0">
              <value>
                <![CDATA[{alertTest=Customer added successfully, postCode=S5Q112, lastName=Patwani, Runmode=Y, firstName=Krish, =}]]>
              </value>
            </param>
          </params>
          <reporter-output>
          </reporter-output>
        </test-method> <!-- addCustomerTest -->
        <test-method signature="addCustomerTest(java.util.Hashtable)[pri:0, instance:testcases.AddCustomerTest@18230356]" started-at="2024-02-08T16:14:22 IST" name="addCustomerTest" data-provider="dp" finished-at="2024-02-08T16:14:25 IST" duration-ms="3509" status="PASS">
          <params>
            <param index="0">
              <value>
                <![CDATA[{alertTest=Customer added successfully, postCode=Z7D045, lastName=Mishra, Runmode=Y, firstName=Divya, =}]]>
              </value>
            </param>
          </params>
          <reporter-output>
          </reporter-output>
        </test-method> <!-- addCustomerTest -->
      </class> <!-- testcases.AddCustomerTest -->
    </test> <!-- Add Customer Test -->
    <test started-at="2024-02-08T16:14:25 IST" name="Open Account Test" finished-at="2024-02-08T16:14:26 IST" duration-ms="850">
      <class name="testcases.OpenAccountTest">
        <test-method is-config="true" signature="setUp()[pri:0, instance:testcases.OpenAccountTest@75e91545]" started-at="2024-02-08T16:13:54 IST" name="setUp" finished-at="2024-02-08T16:14:07 IST" duration-ms="13715" status="PASS">
          <reporter-output>
          </reporter-output>
        </test-method> <!-- setUp -->
        <test-method signature="openAccountTest(java.util.Hashtable)[pri:0, instance:testcases.OpenAccountTest@75e91545]" started-at="2024-02-08T16:14:25 IST" name="openAccountTest" data-provider="dp" finished-at="2024-02-08T16:14:26 IST" duration-ms="768" status="PASS">
          <params>
            <param index="0">
              <value>
                <![CDATA[{currency=Rupee, customer=Sailesh Yadav, =}]]>
              </value>
            </param>
          </params>
          <reporter-output>
          </reporter-output>
        </test-method> <!-- openAccountTest -->
        <test-method is-config="true" signature="tearDown()[pri:0, instance:testcases.OpenAccountTest@75e91545]" started-at="2024-02-08T16:14:26 IST" name="tearDown" finished-at="2024-02-08T16:14:27 IST" duration-ms="319" status="PASS">
          <reporter-output>
          </reporter-output>
        </test-method> <!-- tearDown -->
      </class> <!-- testcases.OpenAccountTest -->
    </test> <!-- Open Account Test -->
  </suite> <!-- Data Driven Framework -->
</testng-results>
