<?xml version="1.0" encoding="UTF-8"?>
<testng-results ignored="0" total="6" passed="6" failed="0" skipped="0">
  <reporter-output>
  </reporter-output>
  <suite started-at="2024-02-03T18:01:50 IST" name="Data Driven Framework" finished-at="2024-02-03T18:02:09 IST" duration-ms="18570">
    <groups>
    </groups>
    <test started-at="2024-02-03T18:01:50 IST" name="Bank Manager Login Test" finished-at="2024-02-03T18:01:51 IST" duration-ms="521">
      <class name="testcases.BankManagerLoginTest">
        <test-method signature="bankManagerLoginTest()[pri:0, instance:testcases.BankManagerLoginTest@263f04ca]" started-at="2024-02-03T18:01:51 IST" name="bankManagerLoginTest" finished-at="2024-02-03T18:01:51 IST" duration-ms="188" status="PASS">
          <reporter-output>
          </reporter-output>
        </test-method> <!-- bankManagerLoginTest -->
      </class> <!-- testcases.BankManagerLoginTest -->
    </test> <!-- Bank Manager Login Test -->
    <test started-at="2024-02-03T18:01:51 IST" name="Add Customer Test" finished-at="2024-02-03T18:02:08 IST" duration-ms="16519">
      <class name="testcases.AddCustomerTest">
        <test-method signature="addCustomerTest(java.util.Hashtable)[pri:0, instance:testcases.AddCustomerTest@43c67247]" started-at="2024-02-03T18:01:51 IST" name="addCustomerTest" data-provider="dp" finished-at="2024-02-03T18:01:56 IST" duration-ms="4778" status="PASS">
          <params>
            <param index="0">
              <value>
                <![CDATA[{alertTest=Customer added successfully, postCode=Q1Z023, lastName=Kumar, Runmode=Y, firstName=Suresh, =}]]>
              </value>
            </param>
          </params>
          <reporter-output>
          </reporter-output>
        </test-method> <!-- addCustomerTest -->
        <test-method signature="addCustomerTest(java.util.Hashtable)[pri:0, instance:testcases.AddCustomerTest@43c67247]" started-at="2024-02-03T18:01:56 IST" name="addCustomerTest" data-provider="dp" finished-at="2024-02-03T18:02:00 IST" duration-ms="3805" status="PASS">
          <params>
            <param index="0">
              <value>
                <![CDATA[{alertTest=Customer added successfully, postCode=A3S013, lastName=Yadav, Runmode=Y, firstName=Sailesh, =}]]>
              </value>
            </param>
          </params>
          <reporter-output>
          </reporter-output>
        </test-method> <!-- addCustomerTest -->
        <test-method signature="addCustomerTest(java.util.Hashtable)[pri:0, instance:testcases.AddCustomerTest@43c67247]" started-at="2024-02-03T18:02:00 IST" name="addCustomerTest" data-provider="dp" finished-at="2024-02-03T18:02:04 IST" duration-ms="3534" status="PASS">
          <params>
            <param index="0">
              <value>
                <![CDATA[{alertTest=Customer added successfully, postCode=S5Q112, lastName=Patwani, Runmode=Y, firstName=Krish, =}]]>
              </value>
            </param>
          </params>
          <reporter-output>
          </reporter-output>
        </test-method> <!-- addCustomerTest -->
        <test-method signature="addCustomerTest(java.util.Hashtable)[pri:0, instance:testcases.AddCustomerTest@43c67247]" started-at="2024-02-03T18:02:04 IST" name="addCustomerTest" data-provider="dp" finished-at="2024-02-03T18:02:07 IST" duration-ms="3650" status="PASS">
          <params>
            <param index="0">
              <value>
                <![CDATA[{alertTest=Customer added successfully, postCode=Z7D045, lastName=Mishra, Runmode=Y, firstName=Divya, =}]]>
              </value>
            </param>
          </params>
          <reporter-output>
          </reporter-output>
        </test-method> <!-- addCustomerTest -->
      </class> <!-- testcases.AddCustomerTest -->
    </test> <!-- Add Customer Test -->
    <test started-at="2024-02-03T18:02:08 IST" name="Open Account Test" finished-at="2024-02-03T18:02:09 IST" duration-ms="1479">
      <class name="testcases.OpenAccountTest">
        <test-method is-config="true" signature="setUp()[pri:0, instance:testcases.OpenAccountTest@69adf72c]" started-at="2024-02-03T18:01:43 IST" name="setUp" finished-at="2024-02-03T18:01:50 IST" duration-ms="7088" status="PASS">
          <reporter-output>
          </reporter-output>
        </test-method> <!-- setUp -->
        <test-method signature="openAccountTest(java.util.Hashtable)[pri:0, instance:testcases.OpenAccountTest@69adf72c]" started-at="2024-02-03T18:02:08 IST" name="openAccountTest" data-provider="dp" finished-at="2024-02-03T18:02:09 IST" duration-ms="1354" status="PASS">
          <params>
            <param index="0">
              <value>
                <![CDATA[{currency=Rupee, customer=Sailesh Yadav, =}]]>
              </value>
            </param>
          </params>
          <reporter-output>
          </reporter-output>
        </test-method> <!-- openAccountTest -->
        <test-method is-config="true" signature="tearDown()[pri:0, instance:testcases.OpenAccountTest@69adf72c]" started-at="2024-02-03T18:02:09 IST" name="tearDown" finished-at="2024-02-03T18:02:09 IST" duration-ms="412" status="PASS">
          <reporter-output>
          </reporter-output>
        </test-method> <!-- tearDown -->
      </class> <!-- testcases.OpenAccountTest -->
    </test> <!-- Open Account Test -->
  </suite> <!-- Data Driven Framework -->
</testng-results>
