<?xml version="1.0" encoding="UTF-8"?>
<testsuite name="Add Customer Test"
           tests="4"
           failures="0"
           errors="0"
           skipped="0"
           time="16.441">
  <properties />
  
  
            <testcase name="addCustomerTest" time="3.579" classname="testcases.AddCustomerTest" />
                <testcase name="addCustomerTest" time="5.824" classname="testcases.AddCustomerTest" />
                <testcase name="addCustomerTest" time="3.529" classname="testcases.AddCustomerTest" />
                <testcase name="addCustomerTest" time="3.509" classname="testcases.AddCustomerTest" />
      
</testsuite>
